<?xml version="1.0" encoding="UTF-8"?>
<testsuite xmlns:xsi="http://www.w3.org/2001/XMLSchema-instance" xsi:noNamespaceSchemaLocation="https://maven.apache.org/surefire/maven-surefire-plugin/xsd/surefire-test-report-3.0.xsd" version="3.0" name="com.javabootcamp.demofinnhub.DemoFinnhubApplicationTests" time="17.502" tests="1" errors="0" skipped="0" failures="0">
  <properties>
[...]
</properties>
  <testcase name="contextLoads" classname="com.javabootcamp.demofinnhub.DemoFinnhubApplicationTests" time="0.3">
    <system-out><![CDATA[15:55:42.441 [main] INFO org.springframework.test.context.support.AnnotationConfigContextLoaderUtils -- Could not detect default configuration classes for test class [com.javabootcamp.demofinnhub.DemoFinnhubApplicationTests]: DemoFinnhubApplicationTests does not declare any static, non-private, non-final, nested classes annotated with @Configuration.
15:55:42.477 [main] INFO org.springframework.boot.test.context.SpringBootTestContextBootstrapper -- Found @SpringBootConfiguration com.javabootcamp.demofinnhub.DemoFinnhubApplication for test class com.javabootcamp.demofinnhub.DemoFinnhubApplicationTests
15:55:42.528 [main] INFO org.springframework.boot.devtools.restart.RestartApplicationListener -- Restart disabled due to context in which it is running

  .   ____          _            __ _ _
 /\\ / ___'_ __ _ _(_)_ __  __ _ \ \ \ \
( ( )\___ | '_ | '_| | '_ \/ _` | \ \ \ \
 \\/  ___)| |_)| | | | | || (_| |  ) ) ) )
  '  |____| .__|_| |_|_| |_\__, | / / / /
 =========|_|==============|___/=/_/_/_/
 :: Spring Boot ::                (v3.2.2)

2024-02-20T15:55:42.626+08:00  INFO 28400 --- [           main] c.j.d.DemoFinnhubApplicationTests        : Starting DemoFinnhubApplicationTests using Java 21 with PID 28400 (started by con in /Users/con/Desktop/github/project_springboot-bc/demo-finnhub)
2024-02-20T15:55:42.627+08:00  INFO 28400 --- [           main] c.j.d.DemoFinnhubApplicationTests        : No active profile set, falling back to 1 default profile: "default"
2024-02-20T15:55:43.024+08:00  INFO 28400 --- [           main] .s.d.r.c.RepositoryConfigurationDelegate : Multiple Spring Data modules found, entering strict repository configuration mode
2024-02-20T15:55:43.025+08:00  INFO 28400 --- [           main] .s.d.r.c.RepositoryConfigurationDelegate : Bootstrapping Spring Data JPA repositories in DEFAULT mode.
2024-02-20T15:55:43.080+08:00  INFO 28400 --- [           main] .s.d.r.c.RepositoryConfigurationDelegate : Finished Spring Data repository scanning in 52 ms. Found 3 JPA repository interfaces.
2024-02-20T15:55:43.087+08:00  INFO 28400 --- [           main] .s.d.r.c.RepositoryConfigurationDelegate : Multiple Spring Data modules found, entering strict repository configuration mode
2024-02-20T15:55:43.088+08:00  INFO 28400 --- [           main] .s.d.r.c.RepositoryConfigurationDelegate : Bootstrapping Spring Data Redis repositories in DEFAULT mode.
2024-02-20T15:55:43.094+08:00  INFO 28400 --- [           main] .RepositoryConfigurationExtensionSupport : Spring Data Redis - Could not safely identify store assignment for repository candidate interface com.javabootcamp.demofinnhub.repository.StockPriceRepository; If you want this repository to be a Redis repository, consider annotating your entities with one of these annotations: org.springframework.data.redis.core.RedisHash (preferred), or consider extending one of the following types with your repository: org.springframework.data.keyvalue.repository.KeyValueRepository
2024-02-20T15:55:43.094+08:00  INFO 28400 --- [           main] .RepositoryConfigurationExtensionSupport : Spring Data Redis - Could not safely identify store assignment for repository candidate interface com.javabootcamp.demofinnhub.repository.StockRepository; If you want this repository to be a Redis repository, consider annotating your entities with one of these annotations: org.springframework.data.redis.core.RedisHash (preferred), or consider extending one of the following types with your repository: org.springframework.data.keyvalue.repository.KeyValueRepository
2024-02-20T15:55:43.094+08:00  INFO 28400 --- [           main] .RepositoryConfigurationExtensionSupport : Spring Data Redis - Could not safely identify store assignment for repository candidate interface com.javabootcamp.demofinnhub.repository.StockSymbolRepository; If you want this repository to be a Redis repository, consider annotating your entities with one of these annotations: org.springframework.data.redis.core.RedisHash (preferred), or consider extending one of the following types with your repository: org.springframework.data.keyvalue.repository.KeyValueRepository
2024-02-20T15:55:43.094+08:00  INFO 28400 --- [           main] .s.d.r.c.RepositoryConfigurationDelegate : Finished Spring Data repository scanning in 3 ms. Found 0 Redis repository interfaces.
2024-02-20T15:55:43.520+08:00  INFO 28400 --- [           main] o.hibernate.jpa.internal.util.LogHelper  : HHH000204: Processing PersistenceUnitInfo [name: default]
2024-02-20T15:55:43.542+08:00  INFO 28400 --- [           main] org.hibernate.Version                    : HHH000412: Hibernate ORM core version 6.4.1.Final
2024-02-20T15:55:43.555+08:00  INFO 28400 --- [           main] o.h.c.internal.RegionFactoryInitiator    : HHH000026: Second-level cache disabled
2024-02-20T15:55:43.647+08:00  INFO 28400 --- [           main] o.s.o.j.p.SpringPersistenceUnitInfo      : No LoadTimeWeaver setup: ignoring JPA class transformer
2024-02-20T15:55:43.656+08:00  INFO 28400 --- [           main] com.zaxxer.hikari.HikariDataSource       : HikariPool-1 - Starting...
2024-02-20T15:55:43.756+08:00  INFO 28400 --- [           main] com.zaxxer.hikari.pool.HikariPool        : HikariPool-1 - Added connection org.postgresql.jdbc.PgConnection@34b462e0
2024-02-20T15:55:43.757+08:00  INFO 28400 --- [           main] com.zaxxer.hikari.HikariDataSource       : HikariPool-1 - Start completed.
2024-02-20T15:55:43.771+08:00  WARN 28400 --- [           main] org.hibernate.orm.deprecation            : HHH90000025: PostgreSQLDialect does not need to be specified explicitly using 'hibernate.dialect' (remove the property setting and it will be selected by default)
2024-02-20T15:55:44.113+08:00  INFO 28400 --- [           main] o.h.e.t.j.p.i.JtaPlatformInitiator       : HHH000489: No JTA platform available (set 'hibernate.transaction.jta.platform' to enable JTA platform integration)
2024-02-20T15:55:44.175+08:00  INFO 28400 --- [           main] j.LocalContainerEntityManagerFactoryBean : Initialized JPA EntityManagerFactory for persistence unit 'default'
2024-02-20T15:55:44.520+08:00  WARN 28400 --- [           main] JpaBaseConfiguration$JpaWebConfiguration : spring.jpa.open-in-view is enabled by default. Therefore, database queries may be performed during view rendering. Explicitly configure spring.jpa.open-in-view to disable this warning
2024-02-20T15:55:44.926+08:00  INFO 28400 --- [           main] o.s.b.a.e.web.EndpointLinksResolver      : Exposing 1 endpoint(s) beneath base path '/actuator'
2024-02-20T15:55:44.964+08:00  INFO 28400 --- [           main] c.j.d.DemoFinnhubApplicationTests        : Started DemoFinnhubApplicationTests in 2.441 seconds (process running for 2.803)
Hibernate: select sp1_0.id,sp1_0.current_price,sp1_0.datetime,sp1_0.day_high,sp1_0.day_low,sp1_0.day_open,sp1_0.prev_day_close,sp1_0.stock_id from finnhub_stock_price sp1_0
Hibernate: select s1_0.id,s1_0.company_name,s1_0.country,s1_0.currency,s1_0.ipo_date,s1_0.logo,s1_0.market_cap,s1_0.status,s1_0.symbol_id from finnhub_stock s1_0
Hibernate: select ss1_0.id,ss1_0.symbol from finnhub_stock_symbols ss1_0
Hibernate: insert into finnhub_stock_symbols (symbol) values (?)
Hibernate: insert into finnhub_stock_symbols (symbol) values (?)
Hibernate: insert into finnhub_stock_symbols (symbol) values (?)
Hibernate: insert into finnhub_stock (company_name,country,currency,ipo_date,logo,market_cap,status,symbol_id) values (?,?,?,?,?,?,?,?)
Hibernate: insert into finnhub_stock_price (current_price,datetime,day_high,day_low,day_open,prev_day_close,stock_id) values (?,?,?,?,?,?,?)
Hibernate: insert into finnhub_stock (company_name,country,currency,ipo_date,logo,market_cap,status,symbol_id) values (?,?,?,?,?,?,?,?)
Hibernate: insert into finnhub_stock_price (current_price,datetime,day_high,day_low,day_open,prev_day_close,stock_id) values (?,?,?,?,?,?,?)
Hibernate: insert into finnhub_stock (company_name,country,currency,ipo_date,logo,market_cap,status,symbol_id) values (?,?,?,?,?,?,?,?)
Hibernate: insert into finnhub_stock_price (current_price,datetime,day_high,day_low,day_open,prev_day_close,stock_id) values (?,?,?,?,?,?,?)
]]></system-out>
    <system-err><![CDATA[WARNING: A Java agent has been loaded dynamically (/Users/con/.m2/repository/net/bytebuddy/byte-buddy-agent/1.14.11/byte-buddy-agent-1.14.11.jar)
WARNING: If a serviceability tool is in use, please run with -XX:+EnableDynamicAgentLoading to hide this warning
WARNING: If a serviceability tool is not in use, please run with -Djdk.instrument.traceUsage for more information
WARNING: Dynamic loading of agents will be disallowed by default in a future release
]]></system-err>
  </testcase>
</testsuite>